<?xml version="1.0" encoding="UTF-8"?>
<testng-results ignored="0" total="6" passed="5" failed="1" skipped="0">
  <reporter-output>
  </reporter-output>
  <suite started-at="2025-08-10T23:49:32 IST" name="Suite" finished-at="2025-08-10T23:49:45 IST" duration-ms="12667">
    <groups>
    </groups>
    <test started-at="2025-08-10T23:49:32 IST" name="Test" finished-at="2025-08-10T23:49:45 IST" duration-ms="12667">
      <class name="com.ve3globaltest.tasks.DataDrivenLoginTest">
        <test-method is-config="true" signature="launchBrowser()[pri:0, instance:com.ve3globaltest.tasks.DataDrivenLoginTest@6892b3b6]" started-at="2025-08-10T23:49:32 IST" name="launchBrowser" finished-at="2025-08-10T23:49:34 IST" duration-ms="2084" status="PASS">
          <reporter-output>
          </reporter-output>
        </test-method> <!-- launchBrowser -->
        <test-method is-config="true" signature="navigateToLoginPage()[pri:0, instance:com.ve3globaltest.tasks.DataDrivenLoginTest@6892b3b6]" started-at="2025-08-10T23:49:35 IST" name="navigateToLoginPage" finished-at="2025-08-10T23:49:35 IST" duration-ms="11" status="PASS">
          <reporter-output>
          </reporter-output>
        </test-method> <!-- navigateToLoginPage -->
        <test-method signature="verifyHomepageLoadsAfterValidLogin(java.lang.String,java.lang.String)[pri:0, instance:com.ve3globaltest.tasks.DataDrivenLoginTest@6892b3b6]" started-at="2025-08-10T23:49:35 IST" name="verifyHomepageLoadsAfterValidLogin" data-provider="validCredentials" finished-at="2025-08-10T23:49:36 IST" duration-ms="943" status="PASS">
          <params>
            <param index="0">
              <value>
                <![CDATA[standard_user]]>
              </value>
            </param>
            <param index="1">
              <value>
                <![CDATA[secret_sauce]]>
              </value>
            </param>
          </params>
          <reporter-output>
          </reporter-output>
        </test-method> <!-- verifyHomepageLoadsAfterValidLogin -->
        <test-method is-config="true" signature="navigateToLoginPage()[pri:0, instance:com.ve3globaltest.tasks.DataDrivenLoginTest@6892b3b6]" started-at="2025-08-10T23:49:36 IST" name="navigateToLoginPage" finished-at="2025-08-10T23:49:36 IST" duration-ms="14" status="PASS">
          <reporter-output>
          </reporter-output>
        </test-method> <!-- navigateToLoginPage -->
        <test-method signature="verifyHomepageLoadsAfterValidLogin(java.lang.String,java.lang.String)[pri:0, instance:com.ve3globaltest.tasks.DataDrivenLoginTest@6892b3b6]" started-at="2025-08-10T23:49:36 IST" name="verifyHomepageLoadsAfterValidLogin" data-provider="validCredentials" finished-at="2025-08-10T23:49:36 IST" duration-ms="207" status="PASS">
          <params>
            <param index="0">
              <value>
                <![CDATA[problem_user]]>
              </value>
            </param>
            <param index="1">
              <value>
                <![CDATA[secret_sauce]]>
              </value>
            </param>
          </params>
          <reporter-output>
          </reporter-output>
        </test-method> <!-- verifyHomepageLoadsAfterValidLogin -->
        <test-method is-config="true" signature="navigateToLoginPage()[pri:0, instance:com.ve3globaltest.tasks.DataDrivenLoginTest@6892b3b6]" started-at="2025-08-10T23:49:36 IST" name="navigateToLoginPage" finished-at="2025-08-10T23:49:36 IST" duration-ms="13" status="PASS">
          <reporter-output>
          </reporter-output>
        </test-method> <!-- navigateToLoginPage -->
        <test-method signature="verifyHomepageLoadsAfterValidLogin(java.lang.String,java.lang.String)[pri:0, instance:com.ve3globaltest.tasks.DataDrivenLoginTest@6892b3b6]" started-at="2025-08-10T23:49:36 IST" name="verifyHomepageLoadsAfterValidLogin" data-provider="validCredentials" finished-at="2025-08-10T23:49:41 IST" duration-ms="5176" status="PASS">
          <params>
            <param index="0">
              <value>
                <![CDATA[performance_glitch_user]]>
              </value>
            </param>
            <param index="1">
              <value>
                <![CDATA[secret_sauce]]>
              </value>
            </param>
          </params>
          <reporter-output>
          </reporter-output>
        </test-method> <!-- verifyHomepageLoadsAfterValidLogin -->
        <test-method is-config="true" signature="tearDown()[pri:0, instance:com.ve3globaltest.tasks.DataDrivenLoginTest@6892b3b6]" started-at="2025-08-10T23:49:41 IST" name="tearDown" finished-at="2025-08-10T23:49:41 IST" duration-ms="119" status="PASS">
          <reporter-output>
          </reporter-output>
        </test-method> <!-- tearDown -->
      </class> <!-- com.ve3globaltest.tasks.DataDrivenLoginTest -->
      <class name="com.ve3globaltest.tasks.ProductCheckOutFlow">
        <test-method is-config="true" signature="launchBrowser()[pri:0, instance:com.ve3globaltest.tasks.ProductCheckOutFlow@78e4deb0]" started-at="2025-08-10T23:49:41 IST" name="launchBrowser" finished-at="2025-08-10T23:49:43 IST" duration-ms="1471" status="PASS">
          <reporter-output>
          </reporter-output>
        </test-method> <!-- launchBrowser -->
        <test-method signature="verifyProductFilterPriceLowToHigh()[pri:0, instance:com.ve3globaltest.tasks.ProductCheckOutFlow@78e4deb0]" started-at="2025-08-10T23:49:43 IST" name="verifyProductFilterPriceLowToHigh" finished-at="2025-08-10T23:49:44 IST" duration-ms="1118" status="PASS">
          <reporter-output>
          </reporter-output>
        </test-method> <!-- verifyProductFilterPriceLowToHigh -->
        <test-method signature="validateCartFunctionality()[pri:0, instance:com.ve3globaltest.tasks.ProductCheckOutFlow@78e4deb0]" started-at="2025-08-10T23:49:44 IST" name="validateCartFunctionality" finished-at="2025-08-10T23:49:44 IST" depends-on-methods="com.ve3globaltest.tasks.ProductCheckOutFlow.verifyProductFilterPriceLowToHigh" duration-ms="258" status="PASS">
          <reporter-output>
          </reporter-output>
        </test-method> <!-- validateCartFunctionality -->
        <test-method signature="validateCheckoutFunctionality()[pri:0, instance:com.ve3globaltest.tasks.ProductCheckOutFlow@78e4deb0]" started-at="2025-08-10T23:49:44 IST" name="validateCheckoutFunctionality" finished-at="2025-08-10T23:49:45 IST" depends-on-methods="com.ve3globaltest.tasks.ProductCheckOutFlow.validateCartFunctionality" duration-ms="515" status="FAIL">
          <exception class="java.lang.AssertionError">
            <message>
              <![CDATA[expected [true] but found [false]]]>
            </message>
            <full-stacktrace>
              <![CDATA[java.lang.AssertionError: expected [true] but found [false]
at org.testng.Assert.fail(Assert.java:111)
at org.testng.Assert.failNotEquals(Assert.java:1578)
at org.testng.Assert.assertTrue(Assert.java:57)
at org.testng.Assert.assertTrue(Assert.java:67)
at com.ve3globaltest.tasks.ProductCheckOutFlow.validateCheckoutFunctionality(ProductCheckOutFlow.java:88)
at java.base/jdk.internal.reflect.DirectMethodHandleAccessor.invoke(DirectMethodHandleAccessor.java:103)
at java.base/java.lang.reflect.Method.invoke(Method.java:580)
at org.testng.internal.invokers.MethodInvocationHelper.invokeMethod(MethodInvocationHelper.java:141)
at org.testng.internal.invokers.TestInvoker.invokeMethod(TestInvoker.java:686)
at org.testng.internal.invokers.TestInvoker.invokeTestMethod(TestInvoker.java:230)
at org.testng.internal.invokers.MethodRunner.runInSequence(MethodRunner.java:63)
at org.testng.internal.invokers.TestInvoker$MethodInvocationAgent.invoke(TestInvoker.java:992)
at org.testng.internal.invokers.TestInvoker.invokeTestMethods(TestInvoker.java:203)
at org.testng.internal.invokers.TestMethodWorker.invokeTestMethods(TestMethodWorker.java:154)
at org.testng.internal.invokers.TestMethodWorker.run(TestMethodWorker.java:134)
at java.base/java.util.ArrayList.forEach(ArrayList.java:1596)
at org.testng.TestRunner.privateRun(TestRunner.java:739)
at org.testng.TestRunner.run(TestRunner.java:614)
at org.testng.SuiteRunner.runTest(SuiteRunner.java:421)
at org.testng.SuiteRunner.runSequentially(SuiteRunner.java:413)
at org.testng.SuiteRunner.privateRun(SuiteRunner.java:373)
at org.testng.SuiteRunner.run(SuiteRunner.java:312)
at org.testng.SuiteRunnerWorker.runSuite(SuiteRunnerWorker.java:52)
at org.testng.SuiteRunnerWorker.run(SuiteRunnerWorker.java:95)
at org.testng.TestNG.runSuitesSequentially(TestNG.java:1274)
at org.testng.TestNG.runSuitesLocally(TestNG.java:1208)
at org.testng.TestNG.runSuites(TestNG.java:1112)
at org.testng.TestNG.run(TestNG.java:1079)
at org.apache.maven.surefire.testng.TestNGExecutor.run(TestNGExecutor.java:308)
at org.apache.maven.surefire.testng.TestNGXmlTestSuite.execute(TestNGXmlTestSuite.java:71)
at org.apache.maven.surefire.testng.TestNGProvider.invoke(TestNGProvider.java:113)
at org.apache.maven.surefire.booter.ForkedBooter.runSuitesInProcess(ForkedBooter.java:385)
at org.apache.maven.surefire.booter.ForkedBooter.execute(ForkedBooter.java:162)
at org.apache.maven.surefire.booter.ForkedBooter.run(ForkedBooter.java:507)
at org.apache.maven.surefire.booter.ForkedBooter.main(ForkedBooter.java:495)
]]>
            </full-stacktrace>
          </exception> <!-- java.lang.AssertionError -->
          <reporter-output>
          </reporter-output>
        </test-method> <!-- validateCheckoutFunctionality -->
        <test-method is-config="true" signature="tearDown()[pri:0, instance:com.ve3globaltest.tasks.ProductCheckOutFlow@78e4deb0]" started-at="2025-08-10T23:49:45 IST" name="tearDown" finished-at="2025-08-10T23:49:45 IST" duration-ms="93" status="PASS">
          <reporter-output>
          </reporter-output>
        </test-method> <!-- tearDown -->
      </class> <!-- com.ve3globaltest.tasks.ProductCheckOutFlow -->
    </test> <!-- Test -->
  </suite> <!-- Suite -->
</testng-results>
